<?xml version="1.0" encoding="UTF-8"?>
<testng-results ignored="0" total="1" passed="1" failed="0" skipped="0">
  <reporter-output>
  </reporter-output>
  <suite started-at="2024-12-27T22:15:54 IST" name="Default suite" finished-at="2024-12-27T22:16:37 IST" duration-ms="43133">
    <groups>
    </groups>
    <test started-at="2024-12-27T22:15:54 IST" name="Default test" finished-at="2024-12-27T22:16:37 IST" duration-ms="43133">
      <class name="testScriptt.Basictest">
        <test-method signature="m1()[pri:0, instance:testScriptt.Basictest@3cebbb30]" started-at="2024-12-27T22:15:54 IST" name="m1" finished-at="2024-12-27T22:16:37 IST" duration-ms="43033" status="PASS">
          <reporter-output>
          </reporter-output>
        </test-method> <!-- m1 -->
        <test-method is-config="true" signature="breakDown(org.testng.ITestResult)[pri:0, instance:testScriptt.Basictest@3cebbb30]" started-at="2024-12-27T22:16:37 IST" name="breakDown" finished-at="2024-12-27T22:16:37 IST" duration-ms="38" status="PASS">
          <params>
            <param index="0">
              <value>
                <![CDATA[[TestResult name=m1 status=SUCCESS method=Basictest.m1()[pri:0, instance:testScriptt.Basictest@3cebbb30] output={null}]]]>
              </value>
            </param>
          </params>
          <reporter-output>
          </reporter-output>
        </test-method> <!-- breakDown -->
      </class> <!-- testScriptt.Basictest -->
    </test> <!-- Default test -->
  </suite> <!-- Default suite -->
</testng-results>
