<?xml version="1.0" encoding="UTF-8"?>
<testng-results ignored="0" total="1" passed="1" failed="0" skipped="0">
  <reporter-output>
  </reporter-output>
  <suite started-at="2024-12-26T00:04:05 IST" name="Default suite" finished-at="2024-12-26T00:04:18 IST" duration-ms="13272">
    <groups>
    </groups>
    <test started-at="2024-12-26T00:04:05 IST" name="Default test" finished-at="2024-12-26T00:04:18 IST" duration-ms="13272">
      <class name="testScriptt.Basictest">
        <test-method signature="m1()[pri:0, instance:testScriptt.Basictest@1de5f259]" started-at="2024-12-26T00:04:05 IST" name="m1" finished-at="2024-12-26T00:04:18 IST" duration-ms="13227" status="PASS">
          <reporter-output>
          </reporter-output>
        </test-method> <!-- m1 -->
      </class> <!-- testScriptt.Basictest -->
    </test> <!-- Default test -->
  </suite> <!-- Default suite -->
</testng-results>
